# JRE version: OpenJDK Runtime Environment Temurin-17.0.6+10 (17.0.6+10) (build 17.0.6+10)
# Java VM: OpenJDK 64-Bit Server VM Temurin-17.0.6+10 (17.0.6+10, mixed mode, tiered, compressed oops, compressed class ptrs, parallel gc, bsd-amd64)
GC Precious Log:
 CPUs: 8 total, 8 available
 Memory: 16384M
 Large Page Support: Disabled
 NUMA Support: Disabled
 Compressed Oops: Enabled (Zero based)
 Alignments: Space 512K, Generation 512K, Heap 2M
 Heap Min Capacity: 100M
 Heap Initial Capacity: 100M
 Heap Max Capacity: 1G
 Pre-touch: Disabled
 Parallel Workers: 8
Heap:
 PSYoungGen      total 8192K, used 894K [0x00000007eab00000, 0x00000007eb400000, 0x0000000800000000)
  eden space 6656K, 0% used [0x00000007eab00000,0x00000007eab00000,0x00000007eb180000)
  from space 1536K, 58% used [0x00000007eb180000,0x00000007eb25f878,0x00000007eb300000)
  to   space 1024K, 0% used [0x00000007eb300000,0x00000007eb300000,0x00000007eb400000)
 ParOldGen       total 141824K, used 139873K [0x00000007c0000000, 0x00000007c8a80000, 0x00000007eab00000)
  object space 141824K, 98% used [0x00000007c0000000,0x00000007c88985a0,0x00000007c8a80000)
 Metaspace       used 61043K, committed 62080K, reserved 1105920K
  class space    used 6752K, committed 7168K, reserved 1048576K
GC Heap History (20 events):
Event: 10.953 GC heap after
{Heap after GC invocations=74 (full 5):
 PSYoungGen      total 7680K, used 512K [0x00000007eab00000, 0x00000007eb500000, 0x0000000800000000)
  eden space 7168K, 0% used [0x00000007eab00000,0x00000007eab00000,0x00000007eb200000)
  from space 512K, 100% used [0x00000007eb480000,0x00000007eb500000,0x00000007eb500000)
  to   space 1536K, 0% used [0x00000007eb200000,0x00000007eb200000,0x00000007eb380000)
 ParOldGen       total 141824K, used 129169K [0x00000007c0000000, 0x00000007c8a80000, 0x00000007eab00000)
  object space 141824K, 91% used [0x00000007c0000000,0x00000007c7e24610,0x00000007c8a80000)
 Metaspace       used 60582K, committed 61632K, reserved 1105920K
  class space    used 6698K, committed 7104K, reserved 1048576K
}
Event: 10.981 GC heap before
{Heap before GC invocations=75 (full 5):
 PSYoungGen      total 7680K, used 7680K [0x00000007eab00000, 0x00000007eb500000, 0x0000000800000000)
  eden space 7168K, 100% used [0x00000007eab00000,0x00000007eb200000,0x00000007eb200000)
  from space 512K, 100% used [0x00000007eb480000,0x00000007eb500000,0x00000007eb500000)
  to   space 1536K, 0% used [0x00000007eb200000,0x00000007eb200000,0x00000007eb380000)
 ParOldGen       total 141824K, used 129169K [0x00000007c0000000, 0x00000007c8a80000, 0x00000007eab00000)
  object space 141824K, 91% used [0x00000007c0000000,0x00000007c7e24610,0x00000007c8a80000)
 Metaspace       used 60804K, committed 61760K, reserved 1105920K
  class space    used 6725K, committed 7104K, reserved 1048576K
}
Event: 10.983 GC heap after
{Heap after GC invocations=75 (full 5):
 PSYoungGen      total 8704K, used 1168K [0x00000007eab00000, 0x00000007eb500000, 0x0000000800000000)
  eden space 7168K, 0% used [0x00000007eab00000,0x00000007eab00000,0x00000007eb200000)
  from space 1536K, 76% used [0x00000007eb200000,0x00000007eb3240f8,0x00000007eb380000)
  to   space 1536K, 0% used [0x00000007eb380000,0x00000007eb380000,0x00000007eb500000)
 ParOldGen       total 141824K, used 129678K [0x00000007c0000000, 0x00000007c8a80000, 0x00000007eab00000)
  object space 141824K, 91% used [0x00000007c0000000,0x00000007c7ea38f8,0x00000007c8a80000)
 Metaspace       used 60804K, committed 61760K, reserved 1105920K
  class space    used 6725K, committed 7104K, reserved 1048576K
}
Event: 11.008 GC heap before
{Heap before GC invocations=76 (full 5):
 PSYoungGen      total 8704K, used 8336K [0x00000007eab00000, 0x00000007eb500000, 0x0000000800000000)
  eden space 7168K, 99% used [0x00000007eab00000,0x00000007eb1ffff8,0x00000007eb200000)
  from space 1536K, 76% used [0x00000007eb200000,0x00000007eb3240f8,0x00000007eb380000)
  to   space 1536K, 0% used [0x00000007eb380000,0x00000007eb380000,0x00000007eb500000)
 ParOldGen       total 141824K, used 129678K [0x00000007c0000000, 0x00000007c8a80000, 0x00000007eab00000)
  object space 141824K, 91% used [0x00000007c0000000,0x00000007c7ea38f8,0x00000007c8a80000)
 Metaspace       used 60910K, committed 61952K, reserved 1105920K
  class space    used 6734K, committed 7168K, reserved 1048576K
}
Event: 11.011 GC heap after
{Heap after GC invocations=76 (full 5):
 PSYoungGen      total 8192K, used 864K [0x00000007eab00000, 0x00000007eb480000, 0x0000000800000000)
  eden space 7168K, 0% used [0x00000007eab00000,0x00000007eab00000,0x00000007eb200000)
  from space 1024K, 84% used [0x00000007eb380000,0x00000007eb458000,0x00000007eb480000)
  to   space 1024K, 0% used [0x00000007eb280000,0x00000007eb280000,0x00000007eb380000)
 ParOldGen       total 141824K, used 130690K [0x00000007c0000000, 0x00000007c8a80000, 0x00000007eab00000)
  object space 141824K, 92% used [0x00000007c0000000,0x00000007c7fa0be8,0x00000007c8a80000)
 Metaspace       used 60910K, committed 61952K, reserved 1105920K
  class space    used 6734K, committed 7168K, reserved 1048576K
}
Event: 11.040 GC heap before
{Heap before GC invocations=77 (full 5):
 PSYoungGen      total 8192K, used 8031K [0x00000007eab00000, 0x00000007eb480000, 0x0000000800000000)
  eden space 7168K, 99% used [0x00000007eab00000,0x00000007eb1fffc8,0x00000007eb200000)
  from space 1024K, 84% used [0x00000007eb380000,0x00000007eb458000,0x00000007eb480000)
  to   space 1024K, 0% used [0x00000007eb280000,0x00000007eb280000,0x00000007eb380000)
 ParOldGen       total 141824K, used 130690K [0x00000007c0000000, 0x00000007c8a80000, 0x00000007eab00000)
  object space 141824K, 92% used [0x00000007c0000000,0x00000007c7fa0be8,0x00000007c8a80000)
 Metaspace       used 60984K, committed 62016K, reserved 1105920K
  class space    used 6748K, committed 7168K, reserved 1048576K
}
Event: 11.042 GC heap after
{Heap after GC invocations=77 (full 5):
 PSYoungGen      total 8192K, used 768K [0x00000007eab00000, 0x00000007eb400000, 0x0000000800000000)
  eden space 7168K, 0% used [0x00000007eab00000,0x00000007eab00000,0x00000007eb200000)
  from space 1024K, 75% used [0x00000007eb280000,0x00000007eb340000,0x00000007eb380000)
  to   space 512K, 0% used [0x00000007eb380000,0x00000007eb380000,0x00000007eb400000)
 ParOldGen       total 141824K, used 131467K [0x00000007c0000000, 0x00000007c8a80000, 0x00000007eab00000)
  object space 141824K, 92% used [0x00000007c0000000,0x00000007c8062d08,0x00000007c8a80000)
 Metaspace       used 60984K, committed 62016K, reserved 1105920K
  class space    used 6748K, committed 7168K, reserved 1048576K
}
Event: 11.064 GC heap before
{Heap before GC invocations=78 (full 5):
 PSYoungGen      total 8192K, used 7936K [0x00000007eab00000, 0x00000007eb400000, 0x0000000800000000)
  eden space 7168K, 100% used [0x00000007eab00000,0x00000007eb200000,0x00000007eb200000)
  from space 1024K, 75% used [0x00000007eb280000,0x00000007eb340000,0x00000007eb380000)
  to   space 512K, 0% used [0x00000007eb380000,0x00000007eb380000,0x00000007eb400000)
 ParOldGen       total 141824K, used 131467K [0x00000007c0000000, 0x00000007c8a80000, 0x00000007eab00000)
  object space 141824K, 92% used [0x00000007c0000000,0x00000007c8062d08,0x00000007c8a80000)
 Metaspace       used 61000K, committed 62016K, reserved 1105920K
  class space    used 6752K, committed 7168K, reserved 1048576K
}
Event: 11.068 GC heap after
{Heap after GC invocations=78 (full 5):
 PSYoungGen      total 7168K, used 508K [0x00000007eab00000, 0x00000007eb600000, 0x0000000800000000)
  eden space 6656K, 0% used [0x00000007eab00000,0x00000007eab00000,0x00000007eb180000)
  from space 512K, 99% used [0x00000007eb380000,0x00000007eb3ff370,0x00000007eb400000)
  to   space 2048K, 0% used [0x00000007eb180000,0x00000007eb180000,0x00000007eb380000)
 ParOldGen       total 141824K, used 132589K [0x00000007c0000000, 0x00000007c8a80000, 0x00000007eab00000)
  object space 141824K, 93% used [0x00000007c0000000,0x00000007c817b5f8,0x00000007c8a80000)
 Metaspace       used 61000K, committed 62016K, reserved 1105920K
  class space    used 6752K, committed 7168K, reserved 1048576K
}
Event: 11.092 GC heap before
{Heap before GC invocations=79 (full 5):
 PSYoungGen      total 7168K, used 7164K [0x00000007eab00000, 0x00000007eb600000, 0x0000000800000000)
  eden space 6656K, 100% used [0x00000007eab00000,0x00000007eb180000,0x00000007eb180000)
  from space 512K, 99% used [0x00000007eb380000,0x00000007eb3ff370,0x00000007eb400000)
  to   space 2048K, 0% used [0x00000007eb180000,0x00000007eb180000,0x00000007eb380000)
 ParOldGen       total 141824K, used 132589K [0x00000007c0000000, 0x00000007c8a80000, 0x00000007eab00000)
  object space 141824K, 93% used [0x00000007c0000000,0x00000007c817b5f8,0x00000007c8a80000)
 Metaspace       used 61001K, committed 62016K, reserved 1105920K
  class space    used 6752K, committed 7168K, reserved 1048576K
}
Event: 11.094 GC heap after
{Heap after GC invocations=79 (full 5):
 PSYoungGen      total 8704K, used 1846K [0x00000007eab00000, 0x00000007eb580000, 0x0000000800000000)
  eden space 6656K, 0% used [0x00000007eab00000,0x00000007eab00000,0x00000007eb180000)
  from space 2048K, 90% used [0x00000007eb180000,0x00000007eb34d9a0,0x00000007eb380000)
  to   space 2048K, 0% used [0x00000007eb380000,0x00000007eb380000,0x00000007eb580000)
 ParOldGen       total 141824K, used 133105K [0x00000007c0000000, 0x00000007c8a80000, 0x00000007eab00000)
  object space 141824K, 93% used [0x00000007c0000000,0x00000007c81fc530,0x00000007c8a80000)
 Metaspace       used 61001K, committed 62016K, reserved 1105920K
  class space    used 6752K, committed 7168K, reserved 1048576K
}
Event: 11.180 GC heap before
{Heap before GC invocations=80 (full 5):
 PSYoungGen      total 8704K, used 8502K [0x00000007eab00000, 0x00000007eb580000, 0x0000000800000000)
  eden space 6656K, 100% used [0x00000007eab00000,0x00000007eb180000,0x00000007eb180000)
  from space 2048K, 90% used [0x00000007eb180000,0x00000007eb34d9a0,0x00000007eb380000)
  to   space 2048K, 0% used [0x00000007eb380000,0x00000007eb380000,0x00000007eb580000)
 ParOldGen       total 141824K, used 133105K [0x00000007c0000000, 0x00000007c8a80000, 0x00000007eab00000)
  object space 141824K, 93% used [0x00000007c0000000,0x00000007c81fc530,0x00000007c8a80000)
 Metaspace       used 61014K, committed 62016K, reserved 1105920K
  class space    used 6752K, committed 7168K, reserved 1048576K
}
Event: 11.183 GC heap after
{Heap after GC invocations=80 (full 5):
 PSYoungGen      total 8192K, used 1327K [0x00000007eab00000, 0x00000007eb500000, 0x0000000800000000)
  eden space 6656K, 0% used [0x00000007eab00000,0x00000007eab00000,0x00000007eb180000)
  from space 1536K, 86% used [0x00000007eb380000,0x00000007eb4cbf78,0x00000007eb500000)
  to   space 1536K, 0% used [0x00000007eb200000,0x00000007eb200000,0x00000007eb380000)
 ParOldGen       total 141824K, used 134859K [0x00000007c0000000, 0x00000007c8a80000, 0x00000007eab00000)
  object space 141824K, 95% used [0x00000007c0000000,0x00000007c83b2f90,0x00000007c8a80000)
 Metaspace       used 61014K, committed 62016K, reserved 1105920K
  class space    used 6752K, committed 7168K, reserved 1048576K
}
Event: 11.227 GC heap before
{Heap before GC invocations=81 (full 5):
 PSYoungGen      total 8192K, used 7983K [0x00000007eab00000, 0x00000007eb500000, 0x0000000800000000)
  eden space 6656K, 100% used [0x00000007eab00000,0x00000007eb180000,0x00000007eb180000)
  from space 1536K, 86% used [0x00000007eb380000,0x00000007eb4cbf78,0x00000007eb500000)
  to   space 1536K, 0% used [0x00000007eb200000,0x00000007eb200000,0x00000007eb380000)
 ParOldGen       total 141824K, used 134859K [0x00000007c0000000, 0x00000007c8a80000, 0x00000007eab00000)
  object space 141824K, 95% used [0x00000007c0000000,0x00000007c83b2f90,0x00000007c8a80000)
 Metaspace       used 61022K, committed 62016K, reserved 1105920K
  class space    used 6752K, committed 7168K, reserved 1048576K
}
Event: 11.230 GC heap after
{Heap after GC invocations=81 (full 5):
 PSYoungGen      total 8192K, used 1103K [0x00000007eab00000, 0x00000007eb480000, 0x0000000800000000)
  eden space 6656K, 0% used [0x00000007eab00000,0x00000007eab00000,0x00000007eb180000)
  from space 1536K, 71% used [0x00000007eb200000,0x00000007eb313cb8,0x00000007eb380000)
  to   space 1024K, 0% used [0x00000007eb380000,0x00000007eb380000,0x00000007eb480000)
 ParOldGen       total 141824K, used 136056K [0x00000007c0000000, 0x00000007c8a80000, 0x00000007eab00000)
  object space 141824K, 95% used [0x00000007c0000000,0x00000007c84de3c0,0x00000007c8a80000)
 Metaspace       used 61022K, committed 62016K, reserved 1105920K
  class space    used 6752K, committed 7168K, reserved 1048576K
}
Event: 11.251 GC heap before
{Heap before GC invocations=82 (full 5):
 PSYoungGen      total 8192K, used 5880K [0x00000007eab00000, 0x00000007eb480000, 0x0000000800000000)
  eden space 6656K, 71% used [0x00000007eab00000,0x00000007eafaa6a8,0x00000007eb180000)
  from space 1536K, 71% used [0x00000007eb200000,0x00000007eb313cb8,0x00000007eb380000)
  to   space 1024K, 0% used [0x00000007eb380000,0x00000007eb380000,0x00000007eb480000)
 ParOldGen       total 141824K, used 136056K [0x00000007c0000000, 0x00000007c8a80000, 0x00000007eab00000)
  object space 141824K, 95% used [0x00000007c0000000,0x00000007c84de3c0,0x00000007c8a80000)
 Metaspace       used 61043K, committed 62080K, reserved 1105920K
  class space    used 6752K, committed 7168K, reserved 1048576K
}
Event: 11.253 GC heap after
{Heap after GC invocations=82 (full 5):
 PSYoungGen      total 7680K, used 1001K [0x00000007eab00000, 0x00000007eb480000, 0x0000000800000000)
  eden space 6656K, 0% used [0x00000007eab00000,0x00000007eab00000,0x00000007eb180000)
  from space 1024K, 97% used [0x00000007eb380000,0x00000007eb47a790,0x00000007eb480000)
  to   space 1536K, 0% used [0x00000007eb180000,0x00000007eb180000,0x00000007eb300000)
 ParOldGen       total 141824K, used 137082K [0x00000007c0000000, 0x00000007c8a80000, 0x00000007eab00000)
  object space 141824K, 96% used [0x00000007c0000000,0x00000007c85de9b0,0x00000007c8a80000)
 Metaspace       used 61043K, committed 62080K, reserved 1105920K
  class space    used 6752K, committed 7168K, reserved 1048576K
}
Event: 11.267 GC heap before
{Heap before GC invocations=83 (full 5):
 PSYoungGen      total 7680K, used 7657K [0x00000007eab00000, 0x00000007eb480000, 0x0000000800000000)
  eden space 6656K, 100% used [0x00000007eab00000,0x00000007eb180000,0x00000007eb180000)
  from space 1024K, 97% used [0x00000007eb380000,0x00000007eb47a790,0x00000007eb480000)
  to   space 1536K, 0% used [0x00000007eb180000,0x00000007eb180000,0x00000007eb300000)
 ParOldGen       total 141824K, used 137082K [0x00000007c0000000, 0x00000007c8a80000, 0x00000007eab00000)
  object space 141824K, 96% used [0x00000007c0000000,0x00000007c85de9b0,0x00000007c8a80000)
 Metaspace       used 61043K, committed 62080K, reserved 1105920K
  class space    used 6752K, committed 7168K, reserved 1048576K
}
Event: 11.270 GC heap after
{Heap after GC invocations=83 (full 5):
 PSYoungGen      total 8192K, used 894K [0x00000007eab00000, 0x00000007eb400000, 0x0000000800000000)
  eden space 6656K, 0% used [0x00000007eab00000,0x00000007eab00000,0x00000007eb180000)
  from space 1536K, 58% used [0x00000007eb180000,0x00000007eb25f878,0x00000007eb300000)
  to   space 1024K, 0% used [0x00000007eb300000,0x00000007eb300000,0x00000007eb400000)
 ParOldGen       total 141824K, used 139873K [0x00000007c0000000, 0x00000007c8a80000, 0x00000007eab00000)
  object space 141824K, 98% used [0x00000007c0000000,0x00000007c88985a0,0x00000007c8a80000)
 Metaspace       used 61043K, committed 62080K, reserved 1105920K
  class space    used 6752K, committed 7168K, reserved 1048576K
}
Event: 11.270 GC heap before
{Heap before GC invocations=84 (full 6):
 PSYoungGen      total 8192K, used 894K [0x00000007eab00000, 0x00000007eb400000, 0x0000000800000000)
  eden space 6656K, 0% used [0x00000007eab00000,0x00000007eab00000,0x00000007eb180000)
  from space 1536K, 58% used [0x00000007eb180000,0x00000007eb25f878,0x00000007eb300000)
  to   space 1024K, 0% used [0x00000007eb300000,0x00000007eb300000,0x00000007eb400000)
 ParOldGen       total 141824K, used 139873K [0x00000007c0000000, 0x00000007c8a80000, 0x00000007eab00000)
  object space 141824K, 98% used [0x00000007c0000000,0x00000007c88985a0,0x00000007c8a80000)
 Metaspace       used 61043K, committed 62080K, reserved 1105920K
  class space    used 6752K, committed 7168K, reserved 1048576K
}

